#
# There is insufficient memory for the Java Runtime Environment to continue.
# Native memory allocation (malloc) failed to allocate 39616 bytes for Chunk::new
# Possible reasons:
#   The system is out of physical RAM or swap space
#   The process is running with CompressedOops enabled, and the Java Heap may be blocking the growth of the native heap
# Possible solutions:
#   Reduce memory load on the system
#   Increase physical memory or swap space
#   Check if swap backing store is full
#   Decrease Java heap size (-Xmx/-Xms)
#   Decrease number of Java threads
#   Decrease Java thread stack sizes (-Xss)
#   Set larger code cache with -XX:ReservedCodeCacheSize=
#   JVM is running with Unscaled Compressed Oops mode in which the Java heap is
#     placed in the first 4GB address space. The Java Heap base address is the
#     maximum limit for the native heap growth. Please use -XX:HeapBaseMinAddress
#     to set the Java Heap base and to place the Java Heap above 4GB virtual address.
# This output file may be truncated or incomplete.
#
#  Out of Memory Error (allocation.cpp:389), pid=15080, tid=0x00000000000051f8
#
# JRE version: OpenJDK Runtime Environment (8.0_242-b01) (build 1.8.0_242-release-1644-b01)
# Java VM: OpenJDK 64-Bit Server VM (25.242-b01 mixed mode windows-amd64 compressed oops)
# Failed to write core dump. Minidumps are not enabled by default on client versions of Windows
#

---------------  T H R E A D  ---------------

Current thread (0x0000000018b66000):  JavaThread "C2 CompilerThread1" daemon [_thread_in_native, id=20984, stack(0x0000000019530000,0x0000000019630000)]

Stack: [0x0000000019530000,0x0000000019630000]
[error occurred during error reporting (printing stack bounds), id 0xc0000005]

Native frames: (J=compiled Java code, j=interpreted, Vv=VM code, C=native code)


Current CompileTask:
C2:  71821 5192   !   4       com.sun.beans.TypeResolver::resolve (274 bytes)


---------------  P R O C E S S  ---------------

Java Threads: ( => current thread )
  0x000000001f5b5000 JavaThread "Cache worker for Build Output Cleanup Cache (C:\Hazlo\hazlo\android\.gradle\buildOutputCleanup)" [_thread_blocked, id=5528, stack(0x0000000024330000,0x0000000024430000)]
  0x000000001f5ad800 JavaThread "pool-1-thread-1" [_thread_blocked, id=8648, stack(0x0000000023d30000,0x0000000023e30000)]
  0x000000001f5b3800 JavaThread "Build operations Thread 8" [_thread_blocked, id=22280, stack(0x0000000023930000,0x0000000023a30000)]
  0x000000001f5ac000 JavaThread "Build operations Thread 7" [_thread_blocked, id=21076, stack(0x0000000023830000,0x0000000023930000)]
  0x000000001f5b3000 JavaThread "Build operations Thread 6" [_thread_blocked, id=20172, stack(0x0000000023730000,0x0000000023830000)]
  0x000000001f5b1800 JavaThread "Build operations Thread 5" [_thread_blocked, id=18316, stack(0x0000000023630000,0x0000000023730000)]
  0x000000001f5b0800 JavaThread "Build operations Thread 4" [_thread_blocked, id=18260, stack(0x0000000023530000,0x0000000023630000)]
  0x000000001f5b0000 JavaThread "Build operations Thread 3" [_thread_blocked, id=12116, stack(0x0000000023430000,0x0000000023530000)]
  0x000000001f5af000 JavaThread "Build operations Thread 2" [_thread_blocked, id=4912, stack(0x0000000023330000,0x0000000023430000)]
  0x000000001f5ab000 JavaThread "Build operations" [_thread_blocked, id=15028, stack(0x0000000020960000,0x0000000020a60000)]
  0x000000001a7a7800 JavaThread "Cache worker for execution history cache (C:\Users\Nombu\.gradle\caches\6.1.1\executionHistory)" [_thread_blocked, id=10128, stack(0x0000000020460000,0x0000000020560000)]
  0x000000001a7ac000 JavaThread "Cache worker for cache directory md-rule (C:\Users\Nombu\.gradle\caches\6.1.1\md-rule)" [_thread_blocked, id=20916, stack(0x0000000020160000,0x0000000020260000)]
  0x000000001a7a9800 JavaThread "Cache worker for cache directory md-supplier (C:\Users\Nombu\.gradle\caches\6.1.1\md-supplier)" [_thread_blocked, id=19616, stack(0x0000000020060000,0x0000000020160000)]
  0x000000001a7a9000 JavaThread "Cache worker for file hash cache (C:\Hazlo\hazlo\android\.gradle\6.1.1\fileHashes)" [_thread_blocked, id=15760, stack(0x000000001ed20000,0x000000001ee20000)]
  0x000000001a7ae000 JavaThread "Cache worker for checksums cache (C:\Hazlo\hazlo\android\.gradle\checksums)" [_thread_blocked, id=15532, stack(0x000000001ec20000,0x000000001ed20000)]
  0x000000001a7ab000 JavaThread "Cache worker for file hash cache (C:\Users\Nombu\.gradle\caches\6.1.1\fileHashes)" [_thread_blocked, id=5728, stack(0x000000001d950000,0x000000001da50000)]
  0x000000001a7ad800 JavaThread "File lock request listener" [_thread_in_native, id=14488, stack(0x000000001d850000,0x000000001d950000)]
  0x000000001a13a800 JavaThread "Cache worker for journal cache (C:\Users\Nombu\.gradle\caches\journal-1)" [_thread_blocked, id=17828, stack(0x000000001d750000,0x000000001d850000)]
  0x0000000019fe9800 JavaThread "Thread-9" [_thread_blocked, id=17544, stack(0x000000001d450000,0x000000001d550000)]
  0x000000001a006000 JavaThread "Stdin handler" [_thread_blocked, id=20300, stack(0x000000001d350000,0x000000001d450000)]
  0x000000001a9a7800 JavaThread "Asynchronous log dispatcher for DefaultDaemonConnection: socket connection from /127.0.0.1:64958 to /127.0.0.1:64959" [_thread_blocked, id=9592, stack(0x000000001d150000,0x000000001d250000)]
  0x0000000018f0d800 JavaThread "Daemon worker" [_thread_in_Java, id=11848, stack(0x000000001ce50000,0x000000001cf50000)]
  0x0000000018f0b000 JavaThread "Cancel handler" [_thread_blocked, id=5600, stack(0x000000001cd50000,0x000000001ce50000)]
  0x000000001a3cf000 JavaThread "Handler for socket connection from /127.0.0.1:64958 to /127.0.0.1:64959" [_thread_in_native, id=18268, stack(0x000000001cc50000,0x000000001cd50000)]
  0x000000001a3ce800 JavaThread "Daemon" [_thread_blocked, id=96, stack(0x000000001cb50000,0x000000001cc50000)]
  0x000000001a3d9000 JavaThread "Daemon periodic checks" [_thread_blocked, id=8160, stack(0x000000001ca50000,0x000000001cb50000)]
  0x000000001a6aa000 JavaThread "Incoming local TCP Connector on port 64958" [_thread_in_native, id=14776, stack(0x000000001c810000,0x000000001c910000)]
  0x000000001b44b000 JavaThread "Daemon health stats" [_thread_blocked, id=15236, stack(0x000000001c1d0000,0x000000001c2d0000)]
  0x0000000018bf5000 JavaThread "Service Thread" daemon [_thread_blocked, id=3620, stack(0x0000000019830000,0x0000000019930000)]
  0x0000000018b94000 JavaThread "C1 CompilerThread3" daemon [_thread_blocked, id=21732, stack(0x0000000019730000,0x0000000019830000)]
  0x0000000018b77000 JavaThread "C2 CompilerThread2" daemon [_thread_blocked, id=16912, stack(0x0000000019630000,0x0000000019730000)]
=>0x0000000018b66000 JavaThread "C2 CompilerThread1" daemon [_thread_in_native, id=20984, stack(0x0000000019530000,0x0000000019630000)]
  0x0000000018b62800 JavaThread "C2 CompilerThread0" daemon [_thread_blocked, id=18796, stack(0x0000000019430000,0x0000000019530000)]
  0x0000000018b60000 JavaThread "Attach Listener" daemon [_thread_blocked, id=1520, stack(0x0000000019330000,0x0000000019430000)]
  0x0000000018b5f000 JavaThread "Signal Dispatcher" daemon [_thread_blocked, id=8476, stack(0x0000000019230000,0x0000000019330000)]
  0x0000000016d72000 JavaThread "Finalizer" daemon [_thread_blocked, id=15192, stack(0x0000000019030000,0x0000000019130000)]
  0x0000000016d6b800 JavaThread "Reference Handler" daemon [_thread_blocked, id=6044, stack(0x0000000018f30000,0x0000000019030000)]
  0x0000000002eae800 JavaThread "main" [_thread_blocked, id=22464, stack(0x0000000002d40000,0x0000000002e40000)]

Other Threads:
  0x0000000016d67800 VMThread [stack: 0x0000000018a30000,0x0000000018b30000] [id=14792]
  0x0000000018bfe800 WatcherThread [stack: 0x0000000019930000,0x0000000019a30000] [id=8]

VM state:not at safepoint (normal execution)

VM Mutex/Monitor currently owned by a thread: None

heap address: 0x00000000a0000000, size: 1536 MB, Compressed Oops mode: 32-bit
Narrow klass base: 0x0000000000000000, Narrow klass shift: 3
Compressed class space size: 1073741824 Address: 0x0000000100000000

Heap:
 PSYoungGen      total 125952K, used 19870K [0x00000000e0000000, 0x00000000e9300000, 0x0000000100000000)
  eden space 114688K, 7% used [0x00000000e0000000,0x00000000e086b610,0x00000000e7000000)
  from space 11264K, 99% used [0x00000000e7e80000,0x00000000e897c450,0x00000000e8980000)
  to   space 14848K, 0% used [0x00000000e7000000,0x00000000e7000000,0x00000000e7e80000)
 ParOldGen       total 68608K, used 26563K [0x00000000a0000000, 0x00000000a4300000, 0x00000000e0000000)
  object space 68608K, 38% used [0x00000000a0000000,0x00000000a19f0e40,0x00000000a4300000)
 Metaspace       used 51110K, capacity 52762K, committed 53080K, reserved 1095680K
  class space    used 6797K, capacity 7196K, committed 7296K, reserved 1048576K

Card table byte_map: [0x0000000012370000,0x0000000012680000] byte_map_base: 0x0000000011e70000

Marking Bits: (ParMarkBitMap*) 0x000000005c6ef030
 Begin Bits: [0x0000000013080000, 0x0000000014880000)
 End Bits:   [0x0000000014880000, 0x0000000016080000)

Polling page: 0x00000000013d0000

CodeCache: size=245760Kb used=15628Kb max_used=15628Kb free=230131Kb
 bounds [0x0000000002fb0000, 0x0000000003f10000, 0x0000000011fb0000]
 total_blobs=5419 nmethods=4638 adapters=694
 compilation: enabled

Compilation events (10 events):
Event: 71.508 Thread 0x0000000018b94000 nmethod 5189 0x0000000003179e90 code [0x0000000003179fe0, 0x000000000317a0f0]
Event: 71.654 Thread 0x0000000018b94000 5190       3       org.gradle.groovy.scripts.DelegatingScriptSource::getClassName (10 bytes)
Event: 71.655 Thread 0x0000000018b94000 nmethod 5190 0x000000000320d6d0 code [0x000000000320d840, 0x000000000320da68]
Event: 71.682 Thread 0x0000000018b94000 5191       3       org.gradle.groovy.scripts.TextResourceScriptSource::getClassName (20 bytes)
Event: 71.683 Thread 0x0000000018b94000 nmethod 5191 0x00000000031dd390 code [0x00000000031dd500, 0x00000000031dd6e8]
Event: 71.695 Thread 0x0000000018b66000 5192   !   4       com.sun.beans.TypeResolver::resolve (274 bytes)
Event: 71.710 Thread 0x0000000018b94000 5193       3       sun.reflect.generics.reflectiveObjects.ParameterizedTypeImpl::equals (81 bytes)
Event: 71.712 Thread 0x0000000018b94000 nmethod 5193 0x00000000038f4e10 code [0x00000000038f5000, 0x00000000038f5be8]
Event: 71.797 Thread 0x0000000018b94000 5194       3       java.util.ComparableTimSort::countRunAndMakeAscending (123 bytes)
Event: 71.799 Thread 0x0000000018b94000 nmethod 5194 0x0000000003f053d0 code [0x0000000003f055e0, 0x0000000003f06388]

GC Heap History (10 events):
Event: 25.435 GC heap before
{Heap before GC invocations=12 (full 1):
 PSYoungGen      total 84480K, used 84469K [0x00000000e0000000, 0x00000000e7080000, 0x0000000100000000)
  eden space 77312K, 100% used [0x00000000e0000000,0x00000000e4b80000,0x00000000e4b80000)
  from space 7168K, 99% used [0x00000000e6980000,0x00000000e707d798,0x00000000e7080000)
  to   space 8704K, 0% used [0x00000000e5f80000,0x00000000e5f80000,0x00000000e6800000)
 ParOldGen       total 38400K, used 10557K [0x00000000a0000000, 0x00000000a2580000, 0x00000000e0000000)
  object space 38400K, 27% used [0x00000000a0000000,0x00000000a0a4f760,0x00000000a2580000)
 Metaspace       used 32427K, capacity 33240K, committed 33664K, reserved 1079296K
  class space    used 4453K, capacity 4674K, committed 4736K, reserved 1048576K
Event: 25.660 GC heap after
Heap after GC invocations=12 (full 1):
 PSYoungGen      total 106496K, used 6785K [0x00000000e0000000, 0x00000000e7480000, 0x0000000100000000)
  eden space 97792K, 0% used [0x00000000e0000000,0x00000000e0000000,0x00000000e5f80000)
  from space 8704K, 77% used [0x00000000e5f80000,0x00000000e6620468,0x00000000e6800000)
  to   space 9216K, 0% used [0x00000000e6b80000,0x00000000e6b80000,0x00000000e7480000)
 ParOldGen       total 38400K, used 14710K [0x00000000a0000000, 0x00000000a2580000, 0x00000000e0000000)
  object space 38400K, 38% used [0x00000000a0000000,0x00000000a0e5d8e0,0x00000000a2580000)
 Metaspace       used 32427K, capacity 33240K, committed 33664K, reserved 1079296K
  class space    used 4453K, capacity 4674K, committed 4736K, reserved 1048576K
}
Event: 29.245 GC heap before
{Heap before GC invocations=13 (full 1):
 PSYoungGen      total 106496K, used 47931K [0x00000000e0000000, 0x00000000e7480000, 0x0000000100000000)
  eden space 97792K, 42% used [0x00000000e0000000,0x00000000e282eb78,0x00000000e5f80000)
  from space 8704K, 77% used [0x00000000e5f80000,0x00000000e6620468,0x00000000e6800000)
  to   space 9216K, 0% used [0x00000000e6b80000,0x00000000e6b80000,0x00000000e7480000)
 ParOldGen       total 38400K, used 14710K [0x00000000a0000000, 0x00000000a2580000, 0x00000000e0000000)
  object space 38400K, 38% used [0x00000000a0000000,0x00000000a0e5d8e0,0x00000000a2580000)
 Metaspace       used 34434K, capacity 35218K, committed 35416K, reserved 1079296K
  class space    used 4700K, capacity 4907K, committed 4992K, reserved 1048576K
Event: 29.375 GC heap after
Heap after GC invocations=13 (full 1):
 PSYoungGen      total 110592K, used 3518K [0x00000000e0000000, 0x00000000e8f00000, 0x0000000100000000)
  eden space 101376K, 0% used [0x00000000e0000000,0x00000000e0000000,0x00000000e6300000)
  from space 9216K, 38% used [0x00000000e6b80000,0x00000000e6eef9b0,0x00000000e7480000)
  to   space 8704K, 0% used [0x00000000e6300000,0x00000000e6300000,0x00000000e6b80000)
 ParOldGen       total 38400K, used 18150K [0x00000000a0000000, 0x00000000a2580000, 0x00000000e0000000)
  object space 38400K, 47% used [0x00000000a0000000,0x00000000a11b9930,0x00000000a2580000)
 Metaspace       used 34434K, capacity 35218K, committed 35416K, reserved 1079296K
  class space    used 4700K, capacity 4907K, committed 4992K, reserved 1048576K
}
Event: 29.375 GC heap before
{Heap before GC invocations=14 (full 2):
 PSYoungGen      total 110592K, used 3518K [0x00000000e0000000, 0x00000000e8f00000, 0x0000000100000000)
  eden space 101376K, 0% used [0x00000000e0000000,0x00000000e0000000,0x00000000e6300000)
  from space 9216K, 38% used [0x00000000e6b80000,0x00000000e6eef9b0,0x00000000e7480000)
  to   space 8704K, 0% used [0x00000000e6300000,0x00000000e6300000,0x00000000e6b80000)
 ParOldGen       total 38400K, used 18150K [0x00000000a0000000, 0x00000000a2580000, 0x00000000e0000000)
  object space 38400K, 47% used [0x00000000a0000000,0x00000000a11b9930,0x00000000a2580000)
 Metaspace       used 34434K, capacity 35218K, committed 35416K, reserved 1079296K
  class space    used 4700K, capacity 4907K, committed 4992K, reserved 1048576K
Event: 31.387 GC heap after
Heap after GC invocations=14 (full 2):
 PSYoungGen      total 110592K, used 0K [0x00000000e0000000, 0x00000000e8f00000, 0x0000000100000000)
  eden space 101376K, 0% used [0x00000000e0000000,0x00000000e0000000,0x00000000e6300000)
  from space 9216K, 0% used [0x00000000e6b80000,0x00000000e6b80000,0x00000000e7480000)
  to   space 8704K, 0% used [0x00000000e6300000,0x00000000e6300000,0x00000000e6b80000)
 ParOldGen       total 68608K, used 17197K [0x00000000a0000000, 0x00000000a4300000, 0x00000000e0000000)
  object space 68608K, 25% used [0x00000000a0000000,0x00000000a10cb7a8,0x00000000a4300000)
 Metaspace       used 34434K, capacity 35218K, committed 35416K, reserved 1079296K
  class space    used 4700K, capacity 4907K, committed 4992K, reserved 1048576K
}
Event: 40.844 GC heap before
{Heap before GC invocations=15 (full 2):
 PSYoungGen      total 110592K, used 101376K [0x00000000e0000000, 0x00000000e8f00000, 0x0000000100000000)
  eden space 101376K, 100% used [0x00000000e0000000,0x00000000e6300000,0x00000000e6300000)
  from space 9216K, 0% used [0x00000000e6b80000,0x00000000e6b80000,0x00000000e7480000)
  to   space 8704K, 0% used [0x00000000e6300000,0x00000000e6300000,0x00000000e6b80000)
 ParOldGen       total 68608K, used 17197K [0x00000000a0000000, 0x00000000a4300000, 0x00000000e0000000)
  object space 68608K, 25% used [0x00000000a0000000,0x00000000a10cb7a8,0x00000000a4300000)
 Metaspace       used 43717K, capacity 45046K, committed 45144K, reserved 1087488K
  class space    used 5895K, capacity 6234K, committed 6272K, reserved 1048576K
Event: 41.321 GC heap after
Heap after GC invocations=15 (full 2):
 PSYoungGen      total 110080K, used 8696K [0x00000000e0000000, 0x00000000e8980000, 0x0000000100000000)
  eden space 101376K, 0% used [0x00000000e0000000,0x00000000e0000000,0x00000000e6300000)
  from space 8704K, 99% used [0x00000000e6300000,0x00000000e6b7e0e0,0x00000000e6b80000)
  to   space 11264K, 0% used [0x00000000e7e80000,0x00000000e7e80000,0x00000000e8980000)
 ParOldGen       total 68608K, used 20296K [0x00000000a0000000, 0x00000000a4300000, 0x00000000e0000000)
  object space 68608K, 29% used [0x00000000a0000000,0x00000000a13d20c0,0x00000000a4300000)
 Metaspace       used 43717K, capacity 45046K, committed 45144K, reserved 1087488K
  class space    used 5895K, capacity 6234K, committed 6272K, reserved 1048576K
}
Event: 68.976 GC heap before
{Heap before GC invocations=16 (full 2):
 PSYoungGen      total 110080K, used 110072K [0x00000000e0000000, 0x00000000e8980000, 0x0000000100000000)
  eden space 101376K, 100% used [0x00000000e0000000,0x00000000e6300000,0x00000000e6300000)
  from space 8704K, 99% used [0x00000000e6300000,0x00000000e6b7e0e0,0x00000000e6b80000)
  to   space 11264K, 0% used [0x00000000e7e80000,0x00000000e7e80000,0x00000000e8980000)
 ParOldGen       total 68608K, used 20296K [0x00000000a0000000, 0x00000000a4300000, 0x00000000e0000000)
  object space 68608K, 29% used [0x00000000a0000000,0x00000000a13d20c0,0x00000000a4300000)
 Metaspace       used 50912K, capacity 52494K, committed 52696K, reserved 1095680K
  class space    used 6750K, capacity 7128K, committed 7168K, reserved 1048576K
Event: 70.681 GC heap after
Heap after GC invocations=16 (full 2):
 PSYoungGen      total 125952K, used 11249K [0x00000000e0000000, 0x00000000e9300000, 0x0000000100000000)
  eden space 114688K, 0% used [0x00000000e0000000,0x00000000e0000000,0x00000000e7000000)
  from space 11264K, 99% used [0x00000000e7e80000,0x00000000e897c450,0x00000000e8980000)
  to   space 14848K, 0% used [0x00000000e7000000,0x00000000e7000000,0x00000000e7e80000)
 ParOldGen       total 68608K, used 26563K [0x00000000a0000000, 0x00000000a4300000, 0x00000000e0000000)
  object space 68608K, 38% used [0x00000000a0000000,0x00000000a19f0e40,0x00000000a4300000)
 Metaspace       used 50912K, capacity 52494K, committed 52696K, reserved 1095680K
  class space    used 6750K, capacity 7128K, committed 7168K, reserved 1048576K
}

Deoptimization events (10 events):
Event: 47.576 Thread 0x0000000018f0d800 Uncommon trap: reason=unstable_if action=reinterpret pc=0x000000000318ac64 method=java.lang.String.replace(CC)Ljava/lang/String; @ 2
Event: 47.708 Thread 0x0000000018f0d800 Uncommon trap: reason=unstable_if action=reinterpret pc=0x00000000039c828c method=groovy.lang.MetaClassImpl.checkIfStdMethod(Lgroovy/lang/MetaMethod;)V @ 55
Event: 47.732 Thread 0x0000000018f0d800 Uncommon trap: reason=unstable_if action=reinterpret pc=0x00000000038dc044 method=groovy.lang.MetaClassImpl$1MOPIter.methodNameAction(Ljava/lang/Class;Lorg/codehaus/groovy/runtime/metaclass/MetaMethodIndex$Entry;)V @ 182
Event: 48.770 Thread 0x0000000018f0d800 Uncommon trap: reason=unstable_if action=reinterpret pc=0x0000000003c3463c method=org.gradle.internal.service.DefaultServiceRegistry$OwnServices.getService(Ljava/lang/reflect/Type;)Lorg/gradle/internal/service/Service; @ 27
Event: 49.212 Thread 0x0000000018f0d800 Uncommon trap: reason=unstable_if action=reinterpret pc=0x00000000033948a4 method=java.lang.String.lastIndexOf([CII[CIII)I @ 17
Event: 49.213 Thread 0x0000000018f0d800 Uncommon trap: reason=unstable_if action=reinterpret pc=0x0000000003c9fddc method=sun.net.www.protocol.jar.Handler.parseURL(Ljava/net/URL;Ljava/lang/String;II)V @ 116
Event: 49.334 Thread 0x0000000018f0d800 Uncommon trap: reason=unstable_if action=reinterpret pc=0x00000000033cccf4 method=java.util.concurrent.ConcurrentHashMap.putVal(Ljava/lang/Object;Ljava/lang/Object;Z)Ljava/lang/Object; @ 195
Event: 58.609 Thread 0x000000001f5b0000 Uncommon trap: reason=unstable_if action=reinterpret pc=0x0000000003ae838c method=com.esotericsoftware.kryo.io.Input.readUtf8Length(I)I @ 9
Event: 67.187 Thread 0x0000000018f0d800 Uncommon trap: reason=unstable_if action=reinterpret pc=0x00000000032413a4 method=org.codehaus.groovy.runtime.metaclass.MetaMethodIndex.copyNonPrivateNonNewMetaMethods(Lorg/codehaus/groovy/runtime/metaclass/MetaMethodIndex$Entry;Lorg/codehaus/groovy/runti
Event: 67.733 Thread 0x0000000018f0d800 Uncommon trap: reason=unstable_if action=reinterpret pc=0x0000000003eebcf0 method=groovy.lang.MetaClassImpl.filterPropertyMethod(Ljava/lang/Object;ZZ)Ljava/lang/Object; @ 72

Classes redefined (0 events):
No events

Internal exceptions (10 events):
Event: 71.217 Thread 0x0000000018f0d800 Exception <a 'java/lang/ClassNotFoundException': [Ljava/lang/String;Customizer> (0x00000000e03e93b0) thrown at [C:\src\AOSP-openjdk-git\hotspot\src\share\vm\prims\jni.cpp, line 737]
Event: 71.217 Thread 0x0000000018f0d800 Exception <a 'java/lang/ClassNotFoundException': [Ljava/lang/String;Customizer> (0x00000000e03ea750) thrown at [C:\src\AOSP-openjdk-git\hotspot\src\share\vm\prims\jni.cpp, line 737]
Event: 71.326 Thread 0x0000000018f0d800 Exception <a 'java/lang/ClassNotFoundException': java/util/LinkedHashMapBeanInfo> (0x00000000e0469750) thrown at [C:\src\AOSP-openjdk-git\hotspot\src\share\vm\classfile\systemDictionary.cpp, line 210]
Event: 71.331 Thread 0x0000000018f0d800 Exception <a 'java/lang/ClassNotFoundException': java/util/HashMapBeanInfo> (0x00000000e04780f8) thrown at [C:\src\AOSP-openjdk-git\hotspot\src\share\vm\classfile\systemDictionary.cpp, line 210]
Event: 71.342 Thread 0x0000000018f0d800 Exception <a 'java/lang/ClassNotFoundException': java/util/HashMapCustomizer> (0x00000000e0487290) thrown at [C:\src\AOSP-openjdk-git\hotspot\src\share\vm\classfile\systemDictionary.cpp, line 210]
Event: 71.377 Thread 0x0000000018f0d800 Exception <a 'java/lang/ClassNotFoundException': java/util/LinkedHashMapCustomizer> (0x00000000e04b42b8) thrown at [C:\src\AOSP-openjdk-git\hotspot\src\share\vm\classfile\systemDictionary.cpp, line 210]
Event: 71.653 Thread 0x0000000018f0d800 Exception <a 'java/lang/ClassNotFoundException': java/lang/SystemBeanInfo> (0x00000000e0554db0) thrown at [C:\src\AOSP-openjdk-git\hotspot\src\share\vm\classfile\systemDictionary.cpp, line 210]
Event: 71.659 Thread 0x0000000018f0d800 Exception <a 'java/lang/ClassNotFoundException': java/lang/SystemCustomizer> (0x00000000e0562da8) thrown at [C:\src\AOSP-openjdk-git\hotspot\src\share\vm\classfile\systemDictionary.cpp, line 210]
Event: 71.687 Thread 0x0000000018f0d800 Exception <a 'java/lang/ClassNotFoundException': java/util/Collections$UnmodifiableMapBeanInfo> (0x00000000e05c9d38) thrown at [C:\src\AOSP-openjdk-git\hotspot\src\share\vm\classfile\systemDictionary.cpp, line 210]
Event: 71.690 Thread 0x0000000018f0d800 Exception <a 'java/lang/ClassNotFoundException': java/util/Collections$UnmodifiableMapCustomizer> (0x00000000e05db920) thrown at [C:\src\AOSP-openjdk-git\hotspot\src\share\vm\classfile\systemDictionary.cpp, line 210]

Events (10 events):
Event: 71.768 loading class org/codehaus/groovy/runtime/callsite/CallSiteArray$1
Event: 71.768 loading class org/codehaus/groovy/runtime/callsite/CallSiteArray$1 done
Event: 71.775 loading class org/codehaus/groovy/runtime/callsite/StaticMetaMethodSite
Event: 71.775 loading class org/codehaus/groovy/runtime/callsite/StaticMetaMethodSite done
Event: 71.781 loading class org/codehaus/groovy/runtime/callsite/StaticMetaMethodSite$StaticMetaMethodSiteNoUnwrapNoCoerce
Event: 71.781 loading class org/codehaus/groovy/runtime/callsite/StaticMetaMethodSite$StaticMetaMethodSiteNoUnwrapNoCoerce done
Event: 71.786 loading class FlutterPlugin$_readPropertiesIfExist_closure15
Event: 71.786 loading class FlutterPlugin$_readPropertiesIfExist_closure15 done
Event: 71.795 loading class groovy/runtime/metaclass/FlutterPlugin$_readPropertiesIfExist_closure15MetaClass
Event: 71.795 loading class groovy/runtime/metaclass/FlutterPlugin$_readPropertiesIfExist_closure15MetaClass done


Dynamic libraries:
0x00007ff71fa30000 - 0x00007ff71fa61000 	C:\Program Files\Android\Android Studio\jre\bin\java.exe
0x00007ff9583a0000 - 0x00007ff958590000 	C:\WINDOWS\SYSTEM32\ntdll.dll
0x00007ff92a250000 - 0x00007ff92a263000 	C:\Program Files (x86)\AVG\Antivirus\aswhook.dll
0x00007ff957020000 - 0x00007ff9570d2000 	C:\WINDOWS\System32\KERNEL32.DLL
0x00007ff955600000 - 0x00007ff9558a4000 	C:\WINDOWS\System32\KERNELBASE.dll
0x00007ff957180000 - 0x00007ff957223000 	C:\WINDOWS\System32\ADVAPI32.dll
0x00007ff9570e0000 - 0x00007ff95717e000 	C:\WINDOWS\System32\msvcrt.dll
0x00007ff956450000 - 0x00007ff9564e7000 	C:\WINDOWS\System32\sechost.dll
0x00007ff956c30000 - 0x00007ff956d50000 	C:\WINDOWS\System32\RPCRT4.dll
0x00007ff958010000 - 0x00007ff9581a4000 	C:\WINDOWS\System32\USER32.dll
0x00007ff9554d0000 - 0x00007ff9554f1000 	C:\WINDOWS\System32\win32u.dll
0x00007ff956560000 - 0x00007ff956586000 	C:\WINDOWS\System32\GDI32.dll
0x00007ff955330000 - 0x00007ff9554c5000 	C:\WINDOWS\System32\gdi32full.dll
0x00007ff955930000 - 0x00007ff9559ce000 	C:\WINDOWS\System32\msvcp_win.dll
0x00007ff955500000 - 0x00007ff9555fa000 	C:\WINDOWS\System32\ucrtbase.dll
0x00007ff947a30000 - 0x00007ff947cb4000 	C:\WINDOWS\WinSxS\amd64_microsoft.windows.common-controls_6595b64144ccf1df_6.0.18362.900_none_e6beb9d913147d17\COMCTL32.dll
0x00007ff957cd0000 - 0x00007ff958005000 	C:\WINDOWS\System32\combase.dll
0x00007ff9558b0000 - 0x00007ff955930000 	C:\WINDOWS\System32\bcryptPrimitives.dll
0x00007ff958220000 - 0x00007ff95824e000 	C:\WINDOWS\System32\IMM32.DLL
0x000000005be40000 - 0x000000005bf12000 	C:\Program Files\Android\Android Studio\jre\jre\bin\msvcr100.dll
0x000000005bf20000 - 0x000000005c76b000 	C:\Program Files\Android\Android Studio\jre\jre\bin\server\jvm.dll
0x00007ff957cc0000 - 0x00007ff957cc8000 	C:\WINDOWS\System32\PSAPI.DLL
0x00007ff9481b0000 - 0x00007ff9481b9000 	C:\WINDOWS\SYSTEM32\WSOCK32.dll
0x00007ff9581b0000 - 0x00007ff95821f000 	C:\WINDOWS\System32\WS2_32.dll
0x00007ff9531c0000 - 0x00007ff9531e4000 	C:\WINDOWS\SYSTEM32\WINMM.dll
0x00007ff94f6f0000 - 0x00007ff94f6fa000 	C:\WINDOWS\SYSTEM32\VERSION.dll
0x00007ff9530b0000 - 0x00007ff9530dd000 	C:\WINDOWS\SYSTEM32\WINMMBASE.dll
0x00007ff9563a0000 - 0x00007ff9563ea000 	C:\WINDOWS\System32\cfgmgr32.dll
0x00007ff942a30000 - 0x00007ff942a3f000 	C:\Program Files\Android\Android Studio\jre\jre\bin\verify.dll
0x00007ff9253c0000 - 0x00007ff9253e9000 	C:\Program Files\Android\Android Studio\jre\jre\bin\java.dll
0x00007ff9253a0000 - 0x00007ff9253b6000 	C:\Program Files\Android\Android Studio\jre\jre\bin\zip.dll
0x00007ff9575c0000 - 0x00007ff957ca6000 	C:\WINDOWS\System32\SHELL32.dll
0x00007ff9582b0000 - 0x00007ff958359000 	C:\WINDOWS\System32\shcore.dll
0x00007ff955ab0000 - 0x00007ff956230000 	C:\WINDOWS\System32\windows.storage.dll
0x00007ff9552b0000 - 0x00007ff9552d3000 	C:\WINDOWS\System32\profapi.dll
0x00007ff9552e0000 - 0x00007ff95532a000 	C:\WINDOWS\System32\powrprof.dll
0x00007ff955260000 - 0x00007ff955270000 	C:\WINDOWS\System32\UMPDC.dll
0x00007ff958250000 - 0x00007ff9582a2000 	C:\WINDOWS\System32\shlwapi.dll
0x00007ff955290000 - 0x00007ff9552a1000 	C:\WINDOWS\System32\kernel.appcore.dll
0x00007ff956230000 - 0x00007ff956247000 	C:\WINDOWS\System32\cryptsp.dll
0x00007ff925380000 - 0x00007ff92539a000 	C:\Program Files\Android\Android Studio\jre\jre\bin\net.dll
0x00007ff954ad0000 - 0x00007ff954b37000 	C:\WINDOWS\system32\mswsock.dll
0x00007ff91ef00000 - 0x00007ff91ef13000 	C:\Program Files\Android\Android Studio\jre\jre\bin\nio.dll
0x00007ff92fbc0000 - 0x00007ff92fbe6000 	C:\Users\Nombu\.gradle\native\31\windows-amd64\native-platform.dll
0x00007ff927df0000 - 0x00007ff927dfd000 	C:\Program Files\Android\Android Studio\jre\jre\bin\management.dll
0x00007ff954640000 - 0x00007ff954673000 	C:\WINDOWS\system32\rsaenh.dll
0x00007ff955a80000 - 0x00007ff955aa6000 	C:\WINDOWS\System32\bcrypt.dll
0x00007ff955180000 - 0x00007ff9551a5000 	C:\WINDOWS\SYSTEM32\USERENV.dll
0x00007ff954ca0000 - 0x00007ff954cac000 	C:\WINDOWS\SYSTEM32\CRYPTBASE.dll
0x00007ff9547e0000 - 0x00007ff95481a000 	C:\WINDOWS\SYSTEM32\IPHLPAPI.DLL
0x00007ff957cb0000 - 0x00007ff957cb8000 	C:\WINDOWS\System32\NSI.dll
0x00007ff94f270000 - 0x00007ff94f286000 	C:\WINDOWS\SYSTEM32\dhcpcsvc6.DLL
0x00007ff94f3a0000 - 0x00007ff94f3bc000 	C:\WINDOWS\SYSTEM32\dhcpcsvc.DLL
0x00007ff954820000 - 0x00007ff9548eb000 	C:\WINDOWS\SYSTEM32\DNSAPI.dll

VM Arguments:
jvm_args: -Xmx1536M -Dfile.encoding=windows-1252 -Duser.country=ZA -Duser.language=en -Duser.variant 
java_command: org.gradle.launcher.daemon.bootstrap.GradleDaemon 6.1.1
java_class_path (initial): C:\Users\Nombu\.gradle\wrapper\dists\gradle-6.1.1-all\cfmwm155h49vnt3hynmlrsdst\gradle-6.1.1\lib\gradle-launcher-6.1.1.jar
Launcher Type: SUN_STANDARD

Environment Variables:
JAVA_HOME=C:\Program Files\Android\Android Studio\jre
CLASSPATH=C:\Hazlo\hazlo\android\\gradle\wrapper\gradle-wrapper.jar
PATH=C:\WINDOWS\system32;C:\WINDOWS;C:\WINDOWS\System32\Wbem;C:\WINDOWS\System32\WindowsPowerShell\v1.0\;C:\WINDOWS\System32\OpenSSH\;C:\Program Files\dotnet\;C:\Program Files\Microsoft SQL Server\130\Tools\Binn\;C:\Program Files\Microsoft SQL Server\Client SDK\ODBC\170\Tools\Binn\;C:\Program Files\Microsoft SQL Server\Client SDK\ODBC\130\Tools\Binn\;C:\Program Files (x86)\Microsoft SQL Server\140\Tools\Binn\;C:\Program Files\Microsoft SQL Server\140\Tools\Binn\;C:\Program Files\Microsoft SQL Server\140\DTS\Binn\;C:\Program Files (x86)\Microsoft SQL Server\150\DTS\Binn\;C:\Program Files (x86)\Brackets\command;C:\Program Files\nodejs\;C:\Users\Nombu\Anaconda3;C:\Users\Nombu\Anaconda3\Library\mingw-w64\bin;C:\Users\Nombu\Anaconda3\Library\usr\bin;C:\Users\Nombu\Anaconda3\Library\bin;C:\Users\Nombu\Anaconda3\Scripts;C:\Users\Nombu\AppData\Local\Microsoft\WindowsApps;C:\Users\Nombu\AppData\Roaming\npm;C:\Users\Nombu\AppData\Local\Programs\Microsoft VS Code\bin;C:\Users\Nombu\AppData\Local\GitHubDesktop\bin;C:\Flutter\flutter\bin\mingit\cmd
USERNAME=Nombu
OS=Windows_NT
PROCESSOR_IDENTIFIER=Intel64 Family 6 Model 142 Stepping 10, GenuineIntel



---------------  S Y S T E M  ---------------

OS: Windows 10.0 , 64 bit Build 18362 (10.0.18362.900)

CPU:total 8 (initial active 8) (4 cores per cpu, 2 threads per core) family 6 model 142 stepping 10, cmov, cx8, fxsr, mmx, sse, sse2, sse3, ssse3, sse4.1, sse4.2, popcnt, avx, avx2, aes, clmul, erms, 3dnowpref, lzcnt, ht, tsc, tscinvbit, bmi1, bmi2, adx

Memory: 4k page, physical 4066020k(5060k free), swap 16648932k(156k free)

vm_info: OpenJDK 64-Bit Server VM (25.242-b01) for windows-amd64 JRE (1.8.0_242-release-1644-b01), built by "builder" with MS VC++ 10.0 (VS2010)

time: Wed Jun 17 14:50:30 2020
timezone: South Africa Standard Time
elapsed time: 71 seconds (0d 0h 1m 11s)

